# JRE version: OpenJDK Runtime Environment (8.0_152-b01) (build 1.8.0_152-release-915-b01)
# Java VM: OpenJDK 64-Bit Server VM (25.152-b01 mixed mode linux-amd64 compressed oops)
Heap:
 PSYoungGen      total 356864K, used 0K [0x00000000e0000000, 0x0000000100000000, 0x0000000100000000)
  eden space 204800K, 0% used [0x00000000e0000000,0x00000000e0000000,0x00000000ec800000)
  from space 152064K, 0% used [0x00000000f6b80000,0x00000000f6b80000,0x0000000100000000)
  to   space 159744K, 0% used [0x00000000ec800000,0x00000000ec800000,0x00000000f6400000)
 ParOldGen       total 430080K, used 284279K [0x00000000a0000000, 0x00000000ba400000, 0x00000000e0000000)
  object space 430080K, 66% used [0x00000000a0000000,0x00000000b159dc38,0x00000000ba400000)
 Metaspace       used 95255K, capacity 98617K, committed 98904K, reserved 1136640K
  class space    used 11595K, capacity 12315K, committed 12416K, reserved 1048576K
GC Heap History (10 events):
Event: 246.055 GC heap after
Heap after GC invocations=35 (full 6):
 PSYoungGen      total 366080K, used 384K [0x00000000e0000000, 0x0000000100000000, 0x0000000100000000)
  eden space 221696K, 0% used [0x00000000e0000000,0x00000000e0000000,0x00000000ed880000)
  from space 144384K, 0% used [0x00000000ed880000,0x00000000ed8e0000,0x00000000f6580000)
  to   space 144896K, 0% used [0x00000000f7280000,0x00000000f7280000,0x0000000100000000)
 ParOldGen       total 485888K, used 441788K [0x00000000a0000000, 0x00000000bda80000, 0x00000000e0000000)
  object space 485888K, 90% used [0x00000000a0000000,0x00000000baf6f080,0x00000000bda80000)
 Metaspace       used 95239K, capacity 98617K, committed 98904K, reserved 1136640K
  class space    used 11595K, capacity 12315K, committed 12416K, reserved 1048576K
}
Event: 246.056 GC heap before
{Heap before GC invocations=36 (full 7):
 PSYoungGen      total 366080K, used 384K [0x00000000e0000000, 0x0000000100000000, 0x0000000100000000)
  eden space 221696K, 0% used [0x00000000e0000000,0x00000000e0000000,0x00000000ed880000)
  from space 144384K, 0% used [0x00000000ed880000,0x00000000ed8e0000,0x00000000f6580000)
  to   space 144896K, 0% used [0x00000000f7280000,0x00000000f7280000,0x0000000100000000)
 ParOldGen       total 485888K, used 441788K [0x00000000a0000000, 0x00000000bda80000, 0x00000000e0000000)
  object space 485888K, 90% used [0x00000000a0000000,0x00000000baf6f080,0x00000000bda80000)
 Metaspace       used 95239K, capacity 98617K, committed 98904K, reserved 1136640K
  class space    used 11595K, capacity 12315K, committed 12416K, reserved 1048576K
Event: 246.533 GC heap after
Heap after GC invocations=36 (full 7):
 PSYoungGen      total 366080K, used 0K [0x00000000e0000000, 0x0000000100000000, 0x0000000100000000)
  eden space 221696K, 0% used [0x00000000e0000000,0x00000000e0000000,0x00000000ed880000)
  from space 144384K, 0% used [0x00000000ed880000,0x00000000ed880000,0x00000000f6580000)
  to   space 144896K, 0% used [0x00000000f7280000,0x00000000f7280000,0x0000000100000000)
 ParOldGen       total 430080K, used 230968K [0x00000000a0000000, 0x00000000ba400000, 0x00000000e0000000)
  object space 430080K, 53% used [0x00000000a0000000,0x00000000ae18e198,0x00000000ba400000)
 Metaspace       used 95239K, capacity 98617K, committed 98904K, reserved 1136640K
  class space    used 11595K, capacity 12315K, committed 12416K, reserved 1048576K
}
Event: 246.891 GC heap before
{Heap before GC invocations=37 (full 7):
 PSYoungGen      total 366080K, used 221696K [0x00000000e0000000, 0x0000000100000000, 0x0000000100000000)
  eden space 221696K, 100% used [0x00000000e0000000,0x00000000ed880000,0x00000000ed880000)
  from space 144384K, 0% used [0x00000000ed880000,0x00000000ed880000,0x00000000f6580000)
  to   space 144896K, 0% used [0x00000000f7280000,0x00000000f7280000,0x0000000100000000)
 ParOldGen       total 430080K, used 230968K [0x00000000a0000000, 0x00000000ba400000, 0x00000000e0000000)
  object space 430080K, 53% used [0x00000000a0000000,0x00000000ae18e198,0x00000000ba400000)
 Metaspace       used 95253K, capacity 98617K, committed 98904K, reserved 1136640K
  class space    used 11595K, capacity 12315K, committed 12416K, reserved 1048576K
Event: 246.920 GC heap after
Heap after GC invocations=37 (full 7):
 PSYoungGen      total 352768K, used 111633K [0x00000000e0000000, 0x0000000100000000, 0x0000000100000000)
  eden space 207872K, 0% used [0x00000000e0000000,0x00000000e0000000,0x00000000ecb00000)
  from space 144896K, 77% used [0x00000000f7280000,0x00000000fdf846f8,0x0000000100000000)
  to   space 158208K, 0% used [0x00000000ecb00000,0x00000000ecb00000,0x00000000f6580000)
 ParOldGen       total 430080K, used 230976K [0x00000000a0000000, 0x00000000ba400000, 0x00000000e0000000)
  object space 430080K, 53% used [0x00000000a0000000,0x00000000ae190198,0x00000000ba400000)
 Metaspace       used 95253K, capacity 98617K, committed 98904K, reserved 1136640K
  class space    used 11595K, capacity 12315K, committed 12416K, reserved 1048576K
}
Event: 247.323 GC heap before
{Heap before GC invocations=38 (full 7):
 PSYoungGen      total 352768K, used 319505K [0x00000000e0000000, 0x0000000100000000, 0x0000000100000000)
  eden space 207872K, 100% used [0x00000000e0000000,0x00000000ecb00000,0x00000000ecb00000)
  from space 144896K, 77% used [0x00000000f7280000,0x00000000fdf846f8,0x0000000100000000)
  to   space 158208K, 0% used [0x00000000ecb00000,0x00000000ecb00000,0x00000000f6580000)
 ParOldGen       total 430080K, used 230976K [0x00000000a0000000, 0x00000000ba400000, 0x00000000e0000000)
  object space 430080K, 53% used [0x00000000a0000000,0x00000000ae190198,0x00000000ba400000)
 Metaspace       used 95253K, capacity 98617K, committed 98904K, reserved 1136640K
  class space    used 11595K, capacity 12315K, committed 12416K, reserved 1048576K
Event: 247.375 GC heap after
Heap after GC invocations=38 (full 7):
 PSYoungGen      total 366080K, used 32143K [0x00000000e0000000, 0x0000000100000000, 0x0000000100000000)
  eden space 207872K, 0% used [0x00000000e0000000,0x00000000e0000000,0x00000000ecb00000)
  from space 158208K, 20% used [0x00000000ecb00000,0x00000000eea63e78,0x00000000f6580000)
  to   space 152064K, 0% used [0x00000000f6b80000,0x00000000f6b80000,0x0000000100000000)
 ParOldGen       total 430080K, used 307498K [0x00000000a0000000, 0x00000000ba400000, 0x00000000e0000000)
  object space 430080K, 71% used [0x00000000a0000000,0x00000000b2c4a9b0,0x00000000ba400000)
 Metaspace       used 95253K, capacity 98617K, committed 98904K, reserved 1136640K
  class space    used 11595K, capacity 12315K, committed 12416K, reserved 1048576K
}
Event: 248.044 GC heap before
{Heap before GC invocations=39 (full 7):
 PSYoungGen      total 366080K, used 240015K [0x00000000e0000000, 0x0000000100000000, 0x0000000100000000)
  eden space 207872K, 100% used [0x00000000e0000000,0x00000000ecb00000,0x00000000ecb00000)
  from space 158208K, 20% used [0x00000000ecb00000,0x00000000eea63e78,0x00000000f6580000)
  to   space 152064K, 0% used [0x00000000f6b80000,0x00000000f6b80000,0x0000000100000000)
 ParOldGen       total 430080K, used 307498K [0x00000000a0000000, 0x00000000ba400000, 0x00000000e0000000)
  object space 430080K, 71% used [0x00000000a0000000,0x00000000b2c4a9b0,0x00000000ba400000)
 Metaspace       used 95255K, capacity 98617K, committed 98904K, reserved 1136640K
  class space    used 11595K, capacity 12315K, committed 12416K, reserved 1048576K
Event: 248.125 GC heap after
Heap after GC invocations=39 (full 7):
 PSYoungGen      total 356864K, used 99858K [0x00000000e0000000, 0x0000000100000000, 0x0000000100000000)
  eden space 204800K, 0% used [0x00000000e0000000,0x00000000e0000000,0x00000000ec800000)
  from space 152064K, 65% used [0x00000000f6b80000,0x00000000fcd04af8,0x0000000100000000)
  to   space 159744K, 0% used [0x00000000ec800000,0x00000000ec800000,0x00000000f6400000)
 ParOldGen       total 430080K, used 336036K [0x00000000a0000000, 0x00000000ba400000, 0x00000000e0000000)
  object space 430080K, 78% used [0x00000000a0000000,0x00000000b4829350,0x00000000ba400000)
 Metaspace       used 95255K, capacity 98617K, committed 98904K, reserved 1136640K
  class space    used 11595K, capacity 12315K, committed 12416K, reserved 1048576K
}
Event: 248.125 GC heap before
{Heap before GC invocations=40 (full 8):
 PSYoungGen      total 356864K, used 99858K [0x00000000e0000000, 0x0000000100000000, 0x0000000100000000)
  eden space 204800K, 0% used [0x00000000e0000000,0x00000000e0000000,0x00000000ec800000)
  from space 152064K, 65% used [0x00000000f6b80000,0x00000000fcd04af8,0x0000000100000000)
  to   space 159744K, 0% used [0x00000000ec800000,0x00000000ec800000,0x00000000f6400000)
 ParOldGen       total 430080K, used 336036K [0x00000000a0000000, 0x00000000ba400000, 0x00000000e0000000)
  object space 430080K, 78% used [0x00000000a0000000,0x00000000b4829350,0x00000000ba400000)
 Metaspace       used 95255K, capacity 98617K, committed 98904K, reserved 1136640K
  class space    used 11595K, capacity 12315K, committed 12416K, reserved 1048576K

