# JRE version: OpenJDK Runtime Environment (8.0_152-b01) (build 1.8.0_152-release-915-b01)
# Java VM: OpenJDK 64-Bit Server VM (25.152-b01 mixed mode linux-amd64 compressed oops)
Heap:
 PSYoungGen      total 436224K, used 971K [0x00000000e0000000, 0x0000000100000000, 0x0000000100000000)
  eden space 348160K, 0% used [0x00000000e0000000,0x00000000e0000000,0x00000000f5400000)
  from space 88064K, 1% used [0x00000000f5400000,0x00000000f54f2ca8,0x00000000faa00000)
  to   space 88064K, 0% used [0x00000000faa00000,0x00000000faa00000,0x0000000100000000)
 ParOldGen       total 345088K, used 344637K [0x00000000a0000000, 0x00000000b5100000, 0x00000000e0000000)
  object space 345088K, 99% used [0x00000000a0000000,0x00000000b508f678,0x00000000b5100000)
 Metaspace       used 105031K, capacity 108842K, committed 108888K, reserved 1144832K
  class space    used 12636K, capacity 13435K, committed 13440K, reserved 1048576K
GC Heap History (10 events):
Event: 379.099 GC heap after
Heap after GC invocations=37 (full 6):
 PSYoungGen      total 445440K, used 0K [0x00000000e0000000, 0x00000000fff80000, 0x0000000100000000)
  eden space 366592K, 0% used [0x00000000e0000000,0x00000000e0000000,0x00000000f6600000)
  from space 78848K, 0% used [0x00000000f6600000,0x00000000f6600000,0x00000000fb300000)
  to   space 76288K, 0% used [0x00000000fb500000,0x00000000fb500000,0x00000000fff80000)
 ParOldGen       total 345088K, used 192513K [0x00000000a0000000, 0x00000000b5100000, 0x00000000e0000000)
  object space 345088K, 55% used [0x00000000a0000000,0x00000000abc00718,0x00000000b5100000)
 Metaspace       used 105012K, capacity 108778K, committed 108888K, reserved 1144832K
  class space    used 12636K, capacity 13435K, committed 13440K, reserved 1048576K
}
Event: 380.059 GC heap before
{Heap before GC invocations=38 (full 6):
 PSYoungGen      total 445440K, used 366592K [0x00000000e0000000, 0x00000000fff80000, 0x0000000100000000)
  eden space 366592K, 100% used [0x00000000e0000000,0x00000000f6600000,0x00000000f6600000)
  from space 78848K, 0% used [0x00000000f6600000,0x00000000f6600000,0x00000000fb300000)
  to   space 76288K, 0% used [0x00000000fb500000,0x00000000fb500000,0x00000000fff80000)
 ParOldGen       total 345088K, used 192513K [0x00000000a0000000, 0x00000000b5100000, 0x00000000e0000000)
  object space 345088K, 55% used [0x00000000a0000000,0x00000000abc00718,0x00000000b5100000)
 Metaspace       used 105021K, capacity 108778K, committed 108888K, reserved 1144832K
  class space    used 12636K, capacity 13435K, committed 13440K, reserved 1048576K
Event: 380.112 GC heap after
Heap after GC invocations=38 (full 6):
 PSYoungGen      total 442880K, used 52291K [0x00000000e0000000, 0x0000000100000000, 0x0000000100000000)
  eden space 366592K, 0% used [0x00000000e0000000,0x00000000e0000000,0x00000000f6600000)
  from space 76288K, 68% used [0x00000000fb500000,0x00000000fe810fe0,0x00000000fff80000)
  to   space 78848K, 0% used [0x00000000f6600000,0x00000000f6600000,0x00000000fb300000)
 ParOldGen       total 345088K, used 192513K [0x00000000a0000000, 0x00000000b5100000, 0x00000000e0000000)
  object space 345088K, 55% used [0x00000000a0000000,0x00000000abc00718,0x00000000b5100000)
 Metaspace       used 105021K, capacity 108778K, committed 108888K, reserved 1144832K
  class space    used 12636K, capacity 13435K, committed 13440K, reserved 1048576K
}
Event: 381.586 GC heap before
{Heap before GC invocations=39 (full 6):
 PSYoungGen      total 442880K, used 418883K [0x00000000e0000000, 0x0000000100000000, 0x0000000100000000)
  eden space 366592K, 100% used [0x00000000e0000000,0x00000000f6600000,0x00000000f6600000)
  from space 76288K, 68% used [0x00000000fb500000,0x00000000fe810fe0,0x00000000fff80000)
  to   space 78848K, 0% used [0x00000000f6600000,0x00000000f6600000,0x00000000fb300000)
 ParOldGen       total 345088K, used 192513K [0x00000000a0000000, 0x00000000b5100000, 0x00000000e0000000)
  object space 345088K, 55% used [0x00000000a0000000,0x00000000abc00718,0x00000000b5100000)
 Metaspace       used 105028K, capacity 108778K, committed 108888K, reserved 1144832K
  class space    used 12636K, capacity 13435K, committed 13440K, reserved 1048576K
Event: 381.687 GC heap after
Heap after GC invocations=39 (full 6):
 PSYoungGen      total 445440K, used 44282K [0x00000000e0000000, 0x0000000100000000, 0x0000000100000000)
  eden space 366592K, 0% used [0x00000000e0000000,0x00000000e0000000,0x00000000f6600000)
  from space 78848K, 56% used [0x00000000f6600000,0x00000000f913e9c8,0x00000000fb300000)
  to   space 77824K, 0% used [0x00000000fb400000,0x00000000fb400000,0x0000000100000000)
 ParOldGen       total 345088K, used 215643K [0x00000000a0000000, 0x00000000b5100000, 0x00000000e0000000)
  object space 345088K, 62% used [0x00000000a0000000,0x00000000ad296ca8,0x00000000b5100000)
 Metaspace       used 105028K, capacity 108778K, committed 108888K, reserved 1144832K
  class space    used 12636K, capacity 13435K, committed 13440K, reserved 1048576K
}
Event: 382.553 GC heap before
{Heap before GC invocations=40 (full 6):
 PSYoungGen      total 445440K, used 410874K [0x00000000e0000000, 0x0000000100000000, 0x0000000100000000)
  eden space 366592K, 100% used [0x00000000e0000000,0x00000000f6600000,0x00000000f6600000)
  from space 78848K, 56% used [0x00000000f6600000,0x00000000f913e9c8,0x00000000fb300000)
  to   space 77824K, 0% used [0x00000000fb400000,0x00000000fb400000,0x0000000100000000)
 ParOldGen       total 345088K, used 215643K [0x00000000a0000000, 0x00000000b5100000, 0x00000000e0000000)
  object space 345088K, 62% used [0x00000000a0000000,0x00000000ad296ca8,0x00000000b5100000)
 Metaspace       used 105030K, capacity 108778K, committed 108888K, reserved 1144832K
  class space    used 12636K, capacity 13435K, committed 13440K, reserved 1048576K
Event: 382.635 GC heap after
Heap after GC invocations=40 (full 6):
 PSYoungGen      total 425984K, used 75213K [0x00000000e0000000, 0x0000000100000000, 0x0000000100000000)
  eden space 348160K, 0% used [0x00000000e0000000,0x00000000e0000000,0x00000000f5400000)
  from space 77824K, 96% used [0x00000000fb400000,0x00000000ffd735f0,0x0000000100000000)
  to   space 88064K, 0% used [0x00000000f5400000,0x00000000f5400000,0x00000000faa00000)
 ParOldGen       total 345088K, used 252580K [0x00000000a0000000, 0x00000000b5100000, 0x00000000e0000000)
  object space 345088K, 73% used [0x00000000a0000000,0x00000000af6a9198,0x00000000b5100000)
 Metaspace       used 105030K, capacity 108778K, committed 108888K, reserved 1144832K
  class space    used 12636K, capacity 13435K, committed 13440K, reserved 1048576K
}
Event: 383.184 GC heap before
{Heap before GC invocations=41 (full 6):
 PSYoungGen      total 425984K, used 423373K [0x00000000e0000000, 0x0000000100000000, 0x0000000100000000)
  eden space 348160K, 100% used [0x00000000e0000000,0x00000000f5400000,0x00000000f5400000)
  from space 77824K, 96% used [0x00000000fb400000,0x00000000ffd735f0,0x0000000100000000)
  to   space 88064K, 0% used [0x00000000f5400000,0x00000000f5400000,0x00000000faa00000)
 ParOldGen       total 345088K, used 252580K [0x00000000a0000000, 0x00000000b5100000, 0x00000000e0000000)
  object space 345088K, 73% used [0x00000000a0000000,0x00000000af6a9198,0x00000000b5100000)
 Metaspace       used 105031K, capacity 108842K, committed 108888K, reserved 1144832K
  class space    used 12636K, capacity 13435K, committed 13440K, reserved 1048576K
Event: 383.310 GC heap after
Heap after GC invocations=41 (full 6):
 PSYoungGen      total 436224K, used 88043K [0x00000000e0000000, 0x0000000100000000, 0x0000000100000000)
  eden space 348160K, 0% used [0x00000000e0000000,0x00000000e0000000,0x00000000f5400000)
  from space 88064K, 99% used [0x00000000f5400000,0x00000000fa9fae18,0x00000000faa00000)
  to   space 88064K, 0% used [0x00000000faa00000,0x00000000faa00000,0x0000000100000000)
 ParOldGen       total 345088K, used 336489K [0x00000000a0000000, 0x00000000b5100000, 0x00000000e0000000)
  object space 345088K, 97% used [0x00000000a0000000,0x00000000b489a510,0x00000000b5100000)
 Metaspace       used 105031K, capacity 108842K, committed 108888K, reserved 1144832K
  class space    used 12636K, capacity 13435K, committed 13440K, reserved 1048576K
}
Event: 383.310 GC heap before
{Heap before GC invocations=42 (full 7):
 PSYoungGen      total 436224K, used 88043K [0x00000000e0000000, 0x0000000100000000, 0x0000000100000000)
  eden space 348160K, 0% used [0x00000000e0000000,0x00000000e0000000,0x00000000f5400000)
  from space 88064K, 99% used [0x00000000f5400000,0x00000000fa9fae18,0x00000000faa00000)
  to   space 88064K, 0% used [0x00000000faa00000,0x00000000faa00000,0x0000000100000000)
 ParOldGen       total 345088K, used 336489K [0x00000000a0000000, 0x00000000b5100000, 0x00000000e0000000)
  object space 345088K, 97% used [0x00000000a0000000,0x00000000b489a510,0x00000000b5100000)
 Metaspace       used 105031K, capacity 108842K, committed 108888K, reserved 1144832K
  class space    used 12636K, capacity 13435K, committed 13440K, reserved 1048576K

