# JRE version: OpenJDK Runtime Environment (8.0_152-b01) (build 1.8.0_152-release-915-b01)
# Java VM: OpenJDK 64-Bit Server VM (25.152-b01 mixed mode linux-amd64 compressed oops)
Heap:
 PSYoungGen      total 275968K, used 23022K [0x00000000e0000000, 0x00000000f2400000, 0x0000000100000000)
  eden space 252928K, 0% used [0x00000000e0000000,0x00000000e0000000,0x00000000ef700000)
  from space 23040K, 99% used [0x00000000ef700000,0x00000000f0d7bbf8,0x00000000f0d80000)
  to   space 18432K, 0% used [0x00000000f0e80000,0x00000000f0e80000,0x00000000f2080000)
 ParOldGen       total 94208K, used 23814K [0x00000000a0000000, 0x00000000a5c00000, 0x00000000e0000000)
  object space 94208K, 25% used [0x00000000a0000000,0x00000000a1741870,0x00000000a5c00000)
 Metaspace       used 57169K, capacity 58916K, committed 59028K, reserved 1099776K
  class space    used 7695K, capacity 8157K, committed 8192K, reserved 1048576K
GC Heap History (10 events):
Event: 18.784 GC heap after
Heap after GC invocations=6 (full 1):
 PSYoungGen      total 127488K, used 4592K [0x00000000e0000000, 0x00000000ec980000, 0x0000000100000000)
  eden space 122880K, 0% used [0x00000000e0000000,0x00000000e0000000,0x00000000e7800000)
  from space 4608K, 99% used [0x00000000e7800000,0x00000000e7c7c020,0x00000000e7c80000)
  to   space 14336K, 0% used [0x00000000ebb80000,0x00000000ebb80000,0x00000000ec980000)
 ParOldGen       total 60928K, used 13362K [0x00000000a0000000, 0x00000000a3b80000, 0x00000000e0000000)
  object space 60928K, 21% used [0x00000000a0000000,0x00000000a0d0ca48,0x00000000a3b80000)
 Metaspace       used 29881K, capacity 30474K, committed 30720K, reserved 1075200K
  class space    used 4087K, capacity 4286K, committed 4352K, reserved 1048576K
}
Event: 23.908 GC heap before
{Heap before GC invocations=7 (full 1):
 PSYoungGen      total 127488K, used 69746K [0x00000000e0000000, 0x00000000ec980000, 0x0000000100000000)
  eden space 122880K, 53% used [0x00000000e0000000,0x00000000e3fa0b70,0x00000000e7800000)
  from space 4608K, 99% used [0x00000000e7800000,0x00000000e7c7c020,0x00000000e7c80000)
  to   space 14336K, 0% used [0x00000000ebb80000,0x00000000ebb80000,0x00000000ec980000)
 ParOldGen       total 60928K, used 13362K [0x00000000a0000000, 0x00000000a3b80000, 0x00000000e0000000)
  object space 60928K, 21% used [0x00000000a0000000,0x00000000a0d0ca48,0x00000000a3b80000)
 Metaspace       used 34593K, capacity 35192K, committed 35416K, reserved 1079296K
  class space    used 4698K, capacity 4930K, committed 4992K, reserved 1048576K
Event: 23.923 GC heap after
Heap after GC invocations=7 (full 1):
 PSYoungGen      total 180224K, used 9625K [0x00000000e0000000, 0x00000000ec500000, 0x0000000100000000)
  eden space 170496K, 0% used [0x00000000e0000000,0x00000000e0000000,0x00000000ea680000)
  from space 9728K, 98% used [0x00000000ebb80000,0x00000000ec4e6630,0x00000000ec500000)
  to   space 14336K, 0% used [0x00000000ea900000,0x00000000ea900000,0x00000000eb700000)
 ParOldGen       total 60928K, used 13434K [0x00000000a0000000, 0x00000000a3b80000, 0x00000000e0000000)
  object space 60928K, 22% used [0x00000000a0000000,0x00000000a0d1ea58,0x00000000a3b80000)
 Metaspace       used 34593K, capacity 35192K, committed 35416K, reserved 1079296K
  class space    used 4698K, capacity 4930K, committed 4992K, reserved 1048576K
}
Event: 23.923 GC heap before
{Heap before GC invocations=8 (full 2):
 PSYoungGen      total 180224K, used 9625K [0x00000000e0000000, 0x00000000ec500000, 0x0000000100000000)
  eden space 170496K, 0% used [0x00000000e0000000,0x00000000e0000000,0x00000000ea680000)
  from space 9728K, 98% used [0x00000000ebb80000,0x00000000ec4e6630,0x00000000ec500000)
  to   space 14336K, 0% used [0x00000000ea900000,0x00000000ea900000,0x00000000eb700000)
 ParOldGen       total 60928K, used 13434K [0x00000000a0000000, 0x00000000a3b80000, 0x00000000e0000000)
  object space 60928K, 22% used [0x00000000a0000000,0x00000000a0d1ea58,0x00000000a3b80000)
 Metaspace       used 34593K, capacity 35192K, committed 35416K, reserved 1079296K
  class space    used 4698K, capacity 4930K, committed 4992K, reserved 1048576K
Event: 23.967 GC heap after
Heap after GC invocations=8 (full 2):
 PSYoungGen      total 180224K, used 0K [0x00000000e0000000, 0x00000000ec500000, 0x0000000100000000)
  eden space 170496K, 0% used [0x00000000e0000000,0x00000000e0000000,0x00000000ea680000)
  from space 9728K, 0% used [0x00000000ebb80000,0x00000000ebb80000,0x00000000ec500000)
  to   space 14336K, 0% used [0x00000000ea900000,0x00000000ea900000,0x00000000eb700000)
 ParOldGen       total 94208K, used 16258K [0x00000000a0000000, 0x00000000a5c00000, 0x00000000e0000000)
  object space 94208K, 17% used [0x00000000a0000000,0x00000000a0fe0ac0,0x00000000a5c00000)
 Metaspace       used 34593K, capacity 35192K, committed 35416K, reserved 1079296K
  class space    used 4698K, capacity 4930K, committed 4992K, reserved 1048576K
}
Event: 29.321 GC heap before
{Heap before GC invocations=9 (full 2):
 PSYoungGen      total 180224K, used 170496K [0x00000000e0000000, 0x00000000ec500000, 0x0000000100000000)
  eden space 170496K, 100% used [0x00000000e0000000,0x00000000ea680000,0x00000000ea680000)
  from space 9728K, 0% used [0x00000000ebb80000,0x00000000ebb80000,0x00000000ec500000)
  to   space 14336K, 0% used [0x00000000ea900000,0x00000000ea900000,0x00000000eb700000)
 ParOldGen       total 94208K, used 16258K [0x00000000a0000000, 0x00000000a5c00000, 0x00000000e0000000)
  object space 94208K, 17% used [0x00000000a0000000,0x00000000a0fe0ac0,0x00000000a5c00000)
 Metaspace       used 46484K, capacity 47512K, committed 47832K, reserved 1091584K
  class space    used 6230K, capacity 6537K, committed 6656K, reserved 1048576K
Event: 29.540 GC heap after
Heap after GC invocations=9 (full 2):
 PSYoungGen      total 187392K, used 14315K [0x00000000e0000000, 0x00000000f2080000, 0x0000000100000000)
  eden space 173056K, 0% used [0x00000000e0000000,0x00000000e0000000,0x00000000ea900000)
  from space 14336K, 99% used [0x00000000ea900000,0x00000000eb6fae60,0x00000000eb700000)
  to   space 18432K, 0% used [0x00000000f0e80000,0x00000000f0e80000,0x00000000f2080000)
 ParOldGen       total 94208K, used 19435K [0x00000000a0000000, 0x00000000a5c00000, 0x00000000e0000000)
  object space 94208K, 20% used [0x00000000a0000000,0x00000000a12fafb0,0x00000000a5c00000)
 Metaspace       used 46484K, capacity 47512K, committed 47832K, reserved 1091584K
  class space    used 6230K, capacity 6537K, committed 6656K, reserved 1048576K
}
Event: 37.768 GC heap before
{Heap before GC invocations=10 (full 2):
 PSYoungGen      total 187392K, used 187371K [0x00000000e0000000, 0x00000000f2080000, 0x0000000100000000)
  eden space 173056K, 100% used [0x00000000e0000000,0x00000000ea900000,0x00000000ea900000)
  from space 14336K, 99% used [0x00000000ea900000,0x00000000eb6fae60,0x00000000eb700000)
  to   space 18432K, 0% used [0x00000000f0e80000,0x00000000f0e80000,0x00000000f2080000)
 ParOldGen       total 94208K, used 19435K [0x00000000a0000000, 0x00000000a5c00000, 0x00000000e0000000)
  object space 94208K, 20% used [0x00000000a0000000,0x00000000a12fafb0,0x00000000a5c00000)
 Metaspace       used 51722K, capacity 53394K, committed 53464K, reserved 1095680K
  class space    used 6975K, capacity 7420K, committed 7424K, reserved 1048576K
Event: 37.791 GC heap after
Heap after GC invocations=10 (full 2):
 PSYoungGen      total 271360K, used 18406K [0x00000000e0000000, 0x00000000f2400000, 0x0000000100000000)
  eden space 252928K, 0% used [0x00000000e0000000,0x00000000e0000000,0x00000000ef700000)
  from space 18432K, 99% used [0x00000000f0e80000,0x00000000f2079ba8,0x00000000f2080000)
  to   space 23040K, 0% used [0x00000000ef700000,0x00000000ef700000,0x00000000f0d80000)
 ParOldGen       total 94208K, used 23319K [0x00000000a0000000, 0x00000000a5c00000, 0x00000000e0000000)
  object space 94208K, 24% used [0x00000000a0000000,0x00000000a16c5e30,0x00000000a5c00000)
 Metaspace       used 51722K, capacity 53394K, committed 53464K, reserved 1095680K
  class space    used 6975K, capacity 7420K, committed 7424K, reserved 1048576K
}
Event: 129.341 GC heap before
{Heap before GC invocations=11 (full 2):
 PSYoungGen      total 271360K, used 136654K [0x00000000e0000000, 0x00000000f2400000, 0x0000000100000000)
  eden space 252928K, 46% used [0x00000000e0000000,0x00000000e7379fc8,0x00000000ef700000)
  from space 18432K, 99% used [0x00000000f0e80000,0x00000000f2079ba8,0x00000000f2080000)
  to   space 23040K, 0% used [0x00000000ef700000,0x00000000ef700000,0x00000000f0d80000)
 ParOldGen       total 94208K, used 23319K [0x00000000a0000000, 0x00000000a5c00000, 0x00000000e0000000)
  object space 94208K, 24% used [0x00000000a0000000,0x00000000a16c5e30,0x00000000a5c00000)
 Metaspace       used 57169K, capacity 58916K, committed 59028K, reserved 1099776K
  class space    used 7695K, capacity 8157K, committed 8192K, reserved 1048576K

